[2025-Jul-17 19:14:51.111 -04:00][21227:21227][info ] Logging initialized
[2025-Jul-17 19:14:51.111 -04:00][21227:21227][info ] Initializing krisp SDK...
[2025-Jul-17 19:14:51.111 -04:00][21227:21227][info ] DoKrispInitialize
[2025-Jul-17 19:14:51.373 -04:00][21227:21227][info ] LoadDynamicKrisp
[2025-Jul-17 19:14:51.373 -04:00][21227:21227][info ] Did not find KRISP_DYLIB_PATH, skipping dynamic loading
[2025-Jul-17 19:14:51.373 -04:00][21227:21227][info ] Initializing Krisp SDK in PID 21227, addr 0x7f29ee98dc20
[2025-Jul-17 19:14:51.519 -04:00][21227:21227][info ] Initialized Krisp SDK successfully
[2025-Jul-17 19:14:51.519 -04:00][21227:21227][info ] Krisp SDK initialized
[2025-Jul-17 19:15:21.771 -04:00][21227:21227][info ] KrispNCSetModel: model = 
[2025-Jul-17 19:23:55.213 -04:00][23114:23114][info ] Logging initialized
[2025-Jul-17 19:23:55.213 -04:00][23114:23114][info ] Initializing krisp SDK...
[2025-Jul-17 19:23:55.213 -04:00][23114:23114][info ] DoKrispInitialize
[2025-Jul-17 19:23:55.497 -04:00][23114:23114][info ] LoadDynamicKrisp
[2025-Jul-17 19:23:55.497 -04:00][23114:23114][info ] Did not find KRISP_DYLIB_PATH, skipping dynamic loading
[2025-Jul-17 19:23:55.497 -04:00][23114:23114][info ] Initializing Krisp SDK in PID 23114, addr 0x7fe03cb8dc20
[2025-Jul-17 19:23:55.648 -04:00][23114:23114][info ] Initialized Krisp SDK successfully
[2025-Jul-17 19:23:55.648 -04:00][23114:23114][info ] Krisp SDK initialized
[2025-Jul-17 19:24:16.602 -04:00][23114:23114][info ] KrispNCSetModel: model = 
[2025-Jul-17 19:25:32.975 -04:00][24278:24278][info ] Logging initialized
[2025-Jul-17 19:25:32.975 -04:00][24278:24278][info ] Initializing krisp SDK...
[2025-Jul-17 19:25:32.975 -04:00][24278:24278][info ] DoKrispInitialize
[2025-Jul-17 19:25:33.243 -04:00][24278:24278][info ] LoadDynamicKrisp
[2025-Jul-17 19:25:33.243 -04:00][24278:24278][info ] Did not find KRISP_DYLIB_PATH, skipping dynamic loading
[2025-Jul-17 19:25:33.243 -04:00][24278:24278][info ] Initializing Krisp SDK in PID 24278, addr 0x7f5c97b8dc20
[2025-Jul-17 19:25:33.392 -04:00][24278:24278][info ] Initialized Krisp SDK successfully
[2025-Jul-17 19:25:33.392 -04:00][24278:24278][info ] Krisp SDK initialized
[2025-Jul-17 19:25:34.563 -04:00][24278:24278][info ] Logging initialized
[2025-Jul-17 19:25:34.563 -04:00][24278:24278][info ] Initializing krisp SDK...
[2025-Jul-17 19:25:34.563 -04:00][24278:24278][info ] Krisp SDK initialized
[2025-Jul-17 19:25:38.477 -04:00][24278:24278][info ] KrispNCSetModel: model = 
[2025-Jul-21 20:27:39.437 -04:00][16069:16069][info ] Logging initialized
[2025-Jul-21 20:27:39.437 -04:00][16069:16069][info ] Initializing krisp SDK...
[2025-Jul-21 20:27:39.437 -04:00][16069:16069][info ] DoKrispInitialize
[2025-Jul-21 20:27:39.786 -04:00][16069:16069][info ] LoadDynamicKrisp
[2025-Jul-21 20:27:39.786 -04:00][16069:16069][info ] Did not find KRISP_DYLIB_PATH, skipping dynamic loading
[2025-Jul-21 20:27:39.786 -04:00][16069:16069][info ] Initializing Krisp SDK in PID 16069, addr 0x7fc933d8dc20
[2025-Jul-21 20:27:39.939 -04:00][16069:16069][info ] Initialized Krisp SDK successfully
[2025-Jul-21 20:27:39.939 -04:00][16069:16069][info ] Krisp SDK initialized
[2025-Jul-21 20:27:43.906 -04:00][16069:16069][info ] KrispNCSetModel: model = 
[2025-Jul-21 20:48:04.354 -04:00][16069:16069][info ] KrispNCSetModel: model = 
[2025-Jul-21 21:01:18.578 -04:00][16069:16069][info ] KrispNCSetModel: model = 
[2025-Aug-01 19:18:30.653 -04:00][16069:16069][info ] KrispNCSetModel: model = 
[2025-Aug-02 21:33:33.437 -04:00][59272:59272][info ] Logging initialized
[2025-Aug-02 21:33:33.437 -04:00][59272:59272][info ] Initializing krisp SDK...
[2025-Aug-02 21:33:33.437 -04:00][59272:59272][info ] DoKrispInitialize
[2025-Aug-02 21:33:33.715 -04:00][59272:59272][info ] LoadDynamicKrisp
[2025-Aug-02 21:33:33.715 -04:00][59272:59272][info ] Did not find KRISP_DYLIB_PATH, skipping dynamic loading
[2025-Aug-02 21:33:33.715 -04:00][59272:59272][info ] Initializing Krisp SDK in PID 59272, addr 0x7f2aa2a41a00
[2025-Aug-02 21:33:33.716 -04:00][59272:59272][info ] Initialized Krisp SDK successfully
[2025-Aug-02 21:33:33.716 -04:00][59272:59272][info ] Krisp SDK initialized
