[WARN  Sat 02 Aug 2025 09:12:21 PM EDT] ...nvim/lazy/mason.nvim/lua/mason-registry/sources/init.lua:148: Ignoring duplicate registry entry "github:mason-org/mason-registry" (duplicate of "github:mason-org/mason-registry")
[INFO  Sat 02 Aug 2025 09:12:22 PM EDT] ...zy/mason.nvim/lua/mason-core/installer/InstallRunner.lua:40: Executing installer for Package(name=lua-language-server) {
  debug = false,
  force = false,
  strict = false
}
[INFO  Sat 02 Aug 2025 09:12:22 PM EDT] ...zy/mason.nvim/lua/mason-core/installer/InstallRunner.lua:40: Executing installer for Package(name=stylua) {
  debug = false,
  force = false,
  strict = false
}
[INFO  Sat 02 Aug 2025 09:12:22 PM EDT] ...zy/mason.nvim/lua/mason-core/installer/InstallRunner.lua:86: Installation succeeded for Package(name=stylua)
[INFO  Sat 02 Aug 2025 09:12:22 PM EDT] ...zy/mason.nvim/lua/mason-core/installer/InstallRunner.lua:86: Installation succeeded for Package(name=lua-language-server)
[WARN  Sat 02 Aug 2025 09:13:37 PM EDT] ...nvim/lazy/mason.nvim/lua/mason-registry/sources/init.lua:148: Ignoring duplicate registry entry "github:mason-org/mason-registry" (duplicate of "github:mason-org/mason-registry")
[WARN  Sat 02 Aug 2025 09:16:31 PM EDT] ...nvim/lazy/mason.nvim/lua/mason-registry/sources/init.lua:148: Ignoring duplicate registry entry "github:mason-org/mason-registry" (duplicate of "github:mason-org/mason-registry")
[WARN  Sat 02 Aug 2025 09:16:36 PM EDT] ...nvim/lazy/mason.nvim/lua/mason-registry/sources/init.lua:148: Ignoring duplicate registry entry "github:mason-org/mason-registry" (duplicate of "github:mason-org/mason-registry")
[WARN  Sat 02 Aug 2025 09:24:46 PM EDT] ...nvim/lazy/mason.nvim/lua/mason-registry/sources/init.lua:148: Ignoring duplicate registry entry "github:mason-org/mason-registry" (duplicate of "github:mason-org/mason-registry")
[WARN  Sat 02 Aug 2025 09:25:09 PM EDT] ...nvim/lazy/mason.nvim/lua/mason-registry/sources/init.lua:148: Ignoring duplicate registry entry "github:mason-org/mason-registry" (duplicate of "github:mason-org/mason-registry")
[WARN  Sat 02 Aug 2025 09:26:14 PM EDT] ...nvim/lazy/mason.nvim/lua/mason-registry/sources/init.lua:148: Ignoring duplicate registry entry "github:mason-org/mason-registry" (duplicate of "github:mason-org/mason-registry")
[WARN  Sat 02 Aug 2025 09:49:37 PM EDT] ...nvim/lazy/mason.nvim/lua/mason-registry/sources/init.lua:148: Ignoring duplicate registry entry "github:mason-org/mason-registry" (duplicate of "github:mason-org/mason-registry")
[WARN  Sat 02 Aug 2025 10:05:21 PM EDT] ...nvim/lazy/mason.nvim/lua/mason-registry/sources/init.lua:148: Ignoring duplicate registry entry "github:mason-org/mason-registry" (duplicate of "github:mason-org/mason-registry")
[WARN  Sat 02 Aug 2025 10:06:02 PM EDT] ...nvim/lazy/mason.nvim/lua/mason-registry/sources/init.lua:148: Ignoring duplicate registry entry "github:mason-org/mason-registry" (duplicate of "github:mason-org/mason-registry")
[WARN  Sat 02 Aug 2025 10:06:10 PM EDT] ...nvim/lazy/mason.nvim/lua/mason-registry/sources/init.lua:148: Ignoring duplicate registry entry "github:mason-org/mason-registry" (duplicate of "github:mason-org/mason-registry")
[WARN  Sat 02 Aug 2025 10:31:02 PM EDT] ...nvim/lazy/mason.nvim/lua/mason-registry/sources/init.lua:148: Ignoring duplicate registry entry "github:mason-org/mason-registry" (duplicate of "github:mason-org/mason-registry")
[WARN  Sat 02 Aug 2025 10:37:24 PM EDT] ...nvim/lazy/mason.nvim/lua/mason-registry/sources/init.lua:148: Ignoring duplicate registry entry "github:mason-org/mason-registry" (duplicate of "github:mason-org/mason-registry")
[WARN  Sat 02 Aug 2025 10:37:38 PM EDT] ...nvim/lazy/mason.nvim/lua/mason-registry/sources/init.lua:148: Ignoring duplicate registry entry "github:mason-org/mason-registry" (duplicate of "github:mason-org/mason-registry")
[WARN  Sat 02 Aug 2025 10:49:59 PM EDT] ...nvim/lazy/mason.nvim/lua/mason-registry/sources/init.lua:148: Ignoring duplicate registry entry "github:mason-org/mason-registry" (duplicate of "github:mason-org/mason-registry")
[WARN  Sat 02 Aug 2025 10:52:46 PM EDT] ...nvim/lazy/mason.nvim/lua/mason-registry/sources/init.lua:148: Ignoring duplicate registry entry "github:mason-org/mason-registry" (duplicate of "github:mason-org/mason-registry")
[WARN  Sat 02 Aug 2025 10:55:34 PM EDT] ...nvim/lazy/mason.nvim/lua/mason-registry/sources/init.lua:148: Ignoring duplicate registry entry "github:mason-org/mason-registry" (duplicate of "github:mason-org/mason-registry")
[WARN  Sat 02 Aug 2025 10:56:23 PM EDT] ...nvim/lazy/mason.nvim/lua/mason-registry/sources/init.lua:148: Ignoring duplicate registry entry "github:mason-org/mason-registry" (duplicate of "github:mason-org/mason-registry")
[WARN  Sat 02 Aug 2025 10:58:46 PM EDT] ...nvim/lazy/mason.nvim/lua/mason-registry/sources/init.lua:148: Ignoring duplicate registry entry "github:mason-org/mason-registry" (duplicate of "github:mason-org/mason-registry")
[WARN  Sat 02 Aug 2025 11:00:36 PM EDT] ...nvim/lazy/mason.nvim/lua/mason-registry/sources/init.lua:148: Ignoring duplicate registry entry "github:mason-org/mason-registry" (duplicate of "github:mason-org/mason-registry")
[WARN  Sat 02 Aug 2025 11:01:57 PM EDT] ...nvim/lazy/mason.nvim/lua/mason-registry/sources/init.lua:148: Ignoring duplicate registry entry "github:mason-org/mason-registry" (duplicate of "github:mason-org/mason-registry")
[WARN  Sat 02 Aug 2025 11:02:52 PM EDT] ...nvim/lazy/mason.nvim/lua/mason-registry/sources/init.lua:148: Ignoring duplicate registry entry "github:mason-org/mason-registry" (duplicate of "github:mason-org/mason-registry")
[WARN  Sat 02 Aug 2025 11:05:38 PM EDT] ...nvim/lazy/mason.nvim/lua/mason-registry/sources/init.lua:148: Ignoring duplicate registry entry "github:mason-org/mason-registry" (duplicate of "github:mason-org/mason-registry")
[WARN  Sat 02 Aug 2025 11:06:12 PM EDT] ...nvim/lazy/mason.nvim/lua/mason-registry/sources/init.lua:148: Ignoring duplicate registry entry "github:mason-org/mason-registry" (duplicate of "github:mason-org/mason-registry")
[WARN  Sat 02 Aug 2025 11:06:28 PM EDT] ...nvim/lazy/mason.nvim/lua/mason-registry/sources/init.lua:148: Ignoring duplicate registry entry "github:mason-org/mason-registry" (duplicate of "github:mason-org/mason-registry")
[WARN  Sat 02 Aug 2025 11:06:49 PM EDT] ...nvim/lazy/mason.nvim/lua/mason-registry/sources/init.lua:148: Ignoring duplicate registry entry "github:mason-org/mason-registry" (duplicate of "github:mason-org/mason-registry")
[WARN  Sat 02 Aug 2025 11:06:54 PM EDT] ...nvim/lazy/mason.nvim/lua/mason-registry/sources/init.lua:148: Ignoring duplicate registry entry "github:mason-org/mason-registry" (duplicate of "github:mason-org/mason-registry")
[WARN  Sat 02 Aug 2025 11:07:41 PM EDT] ...nvim/lazy/mason.nvim/lua/mason-registry/sources/init.lua:148: Ignoring duplicate registry entry "github:mason-org/mason-registry" (duplicate of "github:mason-org/mason-registry")
[WARN  Sat 02 Aug 2025 11:11:20 PM EDT] ...nvim/lazy/mason.nvim/lua/mason-registry/sources/init.lua:148: Ignoring duplicate registry entry "github:mason-org/mason-registry" (duplicate of "github:mason-org/mason-registry")
[WARN  Sat 02 Aug 2025 11:12:52 PM EDT] ...nvim/lazy/mason.nvim/lua/mason-registry/sources/init.lua:148: Ignoring duplicate registry entry "github:mason-org/mason-registry" (duplicate of "github:mason-org/mason-registry")
[WARN  Sun 03 Aug 2025 05:37:53 AM EDT] ...nvim/lazy/mason.nvim/lua/mason-registry/sources/init.lua:148: Ignoring duplicate registry entry "github:mason-org/mason-registry" (duplicate of "github:mason-org/mason-registry")
[WARN  Sun 03 Aug 2025 04:52:49 PM EDT] ...nvim/lazy/mason.nvim/lua/mason-registry/sources/init.lua:148: Ignoring duplicate registry entry "github:mason-org/mason-registry" (duplicate of "github:mason-org/mason-registry")
[WARN  Sun 03 Aug 2025 04:53:47 PM EDT] ...nvim/lazy/mason.nvim/lua/mason-registry/sources/init.lua:148: Ignoring duplicate registry entry "github:mason-org/mason-registry" (duplicate of "github:mason-org/mason-registry")
[WARN  Sun 03 Aug 2025 04:55:10 PM EDT] ...nvim/lazy/mason.nvim/lua/mason-registry/sources/init.lua:148: Ignoring duplicate registry entry "github:mason-org/mason-registry" (duplicate of "github:mason-org/mason-registry")
[WARN  Sat 09 Aug 2025 03:43:07 PM EDT] ...nvim/lazy/mason.nvim/lua/mason-registry/sources/init.lua:148: Ignoring duplicate registry entry "github:mason-org/mason-registry" (duplicate of "github:mason-org/mason-registry")
[WARN  Sat 09 Aug 2025 03:43:17 PM EDT] ...nvim/lazy/mason.nvim/lua/mason-registry/sources/init.lua:148: Ignoring duplicate registry entry "github:mason-org/mason-registry" (duplicate of "github:mason-org/mason-registry")
[WARN  Sat 09 Aug 2025 03:44:36 PM EDT] ...nvim/lazy/mason.nvim/lua/mason-registry/sources/init.lua:148: Ignoring duplicate registry entry "github:mason-org/mason-registry" (duplicate of "github:mason-org/mason-registry")
[WARN  Sat 09 Aug 2025 08:44:55 PM EDT] ...nvim/lazy/mason.nvim/lua/mason-registry/sources/init.lua:148: Ignoring duplicate registry entry "github:mason-org/mason-registry" (duplicate of "github:mason-org/mason-registry")
[WARN  Sat 09 Aug 2025 08:45:29 PM EDT] ...nvim/lazy/mason.nvim/lua/mason-registry/sources/init.lua:148: Ignoring duplicate registry entry "github:mason-org/mason-registry" (duplicate of "github:mason-org/mason-registry")
[WARN  Sat 09 Aug 2025 08:51:59 PM EDT] ...nvim/lazy/mason.nvim/lua/mason-registry/sources/init.lua:148: Ignoring duplicate registry entry "github:mason-org/mason-registry" (duplicate of "github:mason-org/mason-registry")
[WARN  Sat 09 Aug 2025 09:42:12 PM EDT] ...nvim/lazy/mason.nvim/lua/mason-registry/sources/init.lua:148: Ignoring duplicate registry entry "github:mason-org/mason-registry" (duplicate of "github:mason-org/mason-registry")
[WARN  Sat 09 Aug 2025 09:49:44 PM EDT] ...nvim/lazy/mason.nvim/lua/mason-registry/sources/init.lua:148: Ignoring duplicate registry entry "github:mason-org/mason-registry" (duplicate of "github:mason-org/mason-registry")
[WARN  Sat 09 Aug 2025 09:57:49 PM EDT] ...nvim/lazy/mason.nvim/lua/mason-registry/sources/init.lua:148: Ignoring duplicate registry entry "github:mason-org/mason-registry" (duplicate of "github:mason-org/mason-registry")
[WARN  Sun 10 Aug 2025 05:19:48 PM EDT] ...nvim/lazy/mason.nvim/lua/mason-registry/sources/init.lua:148: Ignoring duplicate registry entry "github:mason-org/mason-registry" (duplicate of "github:mason-org/mason-registry")
[WARN  Sun 10 Aug 2025 05:19:51 PM EDT] ...nvim/lazy/mason.nvim/lua/mason-registry/sources/init.lua:148: Ignoring duplicate registry entry "github:mason-org/mason-registry" (duplicate of "github:mason-org/mason-registry")
[WARN  Sun 10 Aug 2025 05:23:06 PM EDT] ...nvim/lazy/mason.nvim/lua/mason-registry/sources/init.lua:148: Ignoring duplicate registry entry "github:mason-org/mason-registry" (duplicate of "github:mason-org/mason-registry")
[WARN  Sun 10 Aug 2025 05:30:10 PM EDT] ...nvim/lazy/mason.nvim/lua/mason-registry/sources/init.lua:148: Ignoring duplicate registry entry "github:mason-org/mason-registry" (duplicate of "github:mason-org/mason-registry")
[WARN  Tue 12 Aug 2025 10:05:18 PM EDT] ...nvim/lazy/mason.nvim/lua/mason-registry/sources/init.lua:148: Ignoring duplicate registry entry "github:mason-org/mason-registry" (duplicate of "github:mason-org/mason-registry")
[WARN  Tue 12 Aug 2025 10:05:28 PM EDT] ...nvim/lazy/mason.nvim/lua/mason-registry/sources/init.lua:148: Ignoring duplicate registry entry "github:mason-org/mason-registry" (duplicate of "github:mason-org/mason-registry")
[WARN  Tue 12 Aug 2025 10:05:53 PM EDT] ...nvim/lazy/mason.nvim/lua/mason-registry/sources/init.lua:148: Ignoring duplicate registry entry "github:mason-org/mason-registry" (duplicate of "github:mason-org/mason-registry")
[WARN  Tue 12 Aug 2025 10:19:24 PM EDT] ...nvim/lazy/mason.nvim/lua/mason-registry/sources/init.lua:148: Ignoring duplicate registry entry "github:mason-org/mason-registry" (duplicate of "github:mason-org/mason-registry")
[WARN  Tue 12 Aug 2025 10:19:32 PM EDT] ...nvim/lazy/mason.nvim/lua/mason-registry/sources/init.lua:148: Ignoring duplicate registry entry "github:mason-org/mason-registry" (duplicate of "github:mason-org/mason-registry")
[WARN  Tue 12 Aug 2025 10:19:40 PM EDT] ...nvim/lazy/mason.nvim/lua/mason-registry/sources/init.lua:148: Ignoring duplicate registry entry "github:mason-org/mason-registry" (duplicate of "github:mason-org/mason-registry")
[WARN  Tue 12 Aug 2025 10:19:55 PM EDT] ...nvim/lazy/mason.nvim/lua/mason-registry/sources/init.lua:148: Ignoring duplicate registry entry "github:mason-org/mason-registry" (duplicate of "github:mason-org/mason-registry")
[WARN  Tue 12 Aug 2025 10:20:02 PM EDT] ...nvim/lazy/mason.nvim/lua/mason-registry/sources/init.lua:148: Ignoring duplicate registry entry "github:mason-org/mason-registry" (duplicate of "github:mason-org/mason-registry")
[WARN  Tue 12 Aug 2025 10:20:37 PM EDT] ...nvim/lazy/mason.nvim/lua/mason-registry/sources/init.lua:148: Ignoring duplicate registry entry "github:mason-org/mason-registry" (duplicate of "github:mason-org/mason-registry")
[WARN  Tue 12 Aug 2025 10:22:28 PM EDT] ...nvim/lazy/mason.nvim/lua/mason-registry/sources/init.lua:148: Ignoring duplicate registry entry "github:mason-org/mason-registry" (duplicate of "github:mason-org/mason-registry")
[WARN  Tue 12 Aug 2025 10:24:39 PM EDT] ...nvim/lazy/mason.nvim/lua/mason-registry/sources/init.lua:148: Ignoring duplicate registry entry "github:mason-org/mason-registry" (duplicate of "github:mason-org/mason-registry")
[WARN  Tue 12 Aug 2025 10:25:16 PM EDT] ...nvim/lazy/mason.nvim/lua/mason-registry/sources/init.lua:148: Ignoring duplicate registry entry "github:mason-org/mason-registry" (duplicate of "github:mason-org/mason-registry")
[WARN  Tue 12 Aug 2025 10:25:49 PM EDT] ...nvim/lazy/mason.nvim/lua/mason-registry/sources/init.lua:148: Ignoring duplicate registry entry "github:mason-org/mason-registry" (duplicate of "github:mason-org/mason-registry")
[WARN  Tue 12 Aug 2025 10:35:33 PM EDT] ...nvim/lazy/mason.nvim/lua/mason-registry/sources/init.lua:148: Ignoring duplicate registry entry "github:mason-org/mason-registry" (duplicate of "github:mason-org/mason-registry")
[WARN  Tue 12 Aug 2025 10:56:57 PM EDT] ...nvim/lazy/mason.nvim/lua/mason-registry/sources/init.lua:148: Ignoring duplicate registry entry "github:mason-org/mason-registry" (duplicate of "github:mason-org/mason-registry")
[WARN  Tue 12 Aug 2025 11:00:58 PM EDT] ...nvim/lazy/mason.nvim/lua/mason-registry/sources/init.lua:148: Ignoring duplicate registry entry "github:mason-org/mason-registry" (duplicate of "github:mason-org/mason-registry")
[WARN  Tue 12 Aug 2025 11:05:06 PM EDT] ...nvim/lazy/mason.nvim/lua/mason-registry/sources/init.lua:148: Ignoring duplicate registry entry "github:mason-org/mason-registry" (duplicate of "github:mason-org/mason-registry")
[WARN  Tue 12 Aug 2025 11:13:14 PM EDT] ...nvim/lazy/mason.nvim/lua/mason-registry/sources/init.lua:148: Ignoring duplicate registry entry "github:mason-org/mason-registry" (duplicate of "github:mason-org/mason-registry")
[WARN  Wed 13 Aug 2025 09:37:17 PM EDT] ...nvim/lazy/mason.nvim/lua/mason-registry/sources/init.lua:148: Ignoring duplicate registry entry "github:mason-org/mason-registry" (duplicate of "github:mason-org/mason-registry")
[WARN  Wed 13 Aug 2025 09:37:26 PM EDT] ...nvim/lazy/mason.nvim/lua/mason-registry/sources/init.lua:148: Ignoring duplicate registry entry "github:mason-org/mason-registry" (duplicate of "github:mason-org/mason-registry")
[WARN  Wed 13 Aug 2025 09:37:38 PM EDT] ...nvim/lazy/mason.nvim/lua/mason-registry/sources/init.lua:148: Ignoring duplicate registry entry "github:mason-org/mason-registry" (duplicate of "github:mason-org/mason-registry")
[WARN  Wed 13 Aug 2025 09:39:01 PM EDT] ...nvim/lazy/mason.nvim/lua/mason-registry/sources/init.lua:148: Ignoring duplicate registry entry "github:mason-org/mason-registry" (duplicate of "github:mason-org/mason-registry")
[WARN  Wed 13 Aug 2025 09:41:00 PM EDT] ...nvim/lazy/mason.nvim/lua/mason-registry/sources/init.lua:148: Ignoring duplicate registry entry "github:mason-org/mason-registry" (duplicate of "github:mason-org/mason-registry")
[WARN  Wed 13 Aug 2025 09:42:07 PM EDT] ...nvim/lazy/mason.nvim/lua/mason-registry/sources/init.lua:148: Ignoring duplicate registry entry "github:mason-org/mason-registry" (duplicate of "github:mason-org/mason-registry")
[WARN  Wed 13 Aug 2025 09:47:03 PM EDT] ...nvim/lazy/mason.nvim/lua/mason-registry/sources/init.lua:148: Ignoring duplicate registry entry "github:mason-org/mason-registry" (duplicate of "github:mason-org/mason-registry")
[WARN  Wed 13 Aug 2025 09:47:47 PM EDT] ...nvim/lazy/mason.nvim/lua/mason-registry/sources/init.lua:148: Ignoring duplicate registry entry "github:mason-org/mason-registry" (duplicate of "github:mason-org/mason-registry")
[WARN  Wed 13 Aug 2025 09:51:26 PM EDT] ...nvim/lazy/mason.nvim/lua/mason-registry/sources/init.lua:148: Ignoring duplicate registry entry "github:mason-org/mason-registry" (duplicate of "github:mason-org/mason-registry")
[WARN  Wed 13 Aug 2025 10:45:26 PM EDT] ...nvim/lazy/mason.nvim/lua/mason-registry/sources/init.lua:148: Ignoring duplicate registry entry "github:mason-org/mason-registry" (duplicate of "github:mason-org/mason-registry")
[WARN  Wed 13 Aug 2025 10:47:37 PM EDT] ...nvim/lazy/mason.nvim/lua/mason-registry/sources/init.lua:148: Ignoring duplicate registry entry "github:mason-org/mason-registry" (duplicate of "github:mason-org/mason-registry")
[WARN  Wed 13 Aug 2025 10:47:47 PM EDT] ...nvim/lazy/mason.nvim/lua/mason-registry/sources/init.lua:148: Ignoring duplicate registry entry "github:mason-org/mason-registry" (duplicate of "github:mason-org/mason-registry")
[WARN  Wed 13 Aug 2025 10:50:39 PM EDT] ...nvim/lazy/mason.nvim/lua/mason-registry/sources/init.lua:148: Ignoring duplicate registry entry "github:mason-org/mason-registry" (duplicate of "github:mason-org/mason-registry")
[WARN  Wed 13 Aug 2025 10:53:01 PM EDT] ...nvim/lazy/mason.nvim/lua/mason-registry/sources/init.lua:148: Ignoring duplicate registry entry "github:mason-org/mason-registry" (duplicate of "github:mason-org/mason-registry")
[WARN  Wed 13 Aug 2025 10:53:37 PM EDT] ...nvim/lazy/mason.nvim/lua/mason-registry/sources/init.lua:148: Ignoring duplicate registry entry "github:mason-org/mason-registry" (duplicate of "github:mason-org/mason-registry")
[WARN  Wed 13 Aug 2025 10:53:47 PM EDT] ...nvim/lazy/mason.nvim/lua/mason-registry/sources/init.lua:148: Ignoring duplicate registry entry "github:mason-org/mason-registry" (duplicate of "github:mason-org/mason-registry")
[WARN  Wed 13 Aug 2025 10:55:53 PM EDT] ...nvim/lazy/mason.nvim/lua/mason-registry/sources/init.lua:148: Ignoring duplicate registry entry "github:mason-org/mason-registry" (duplicate of "github:mason-org/mason-registry")
[WARN  Wed 13 Aug 2025 10:56:15 PM EDT] ...nvim/lazy/mason.nvim/lua/mason-registry/sources/init.lua:148: Ignoring duplicate registry entry "github:mason-org/mason-registry" (duplicate of "github:mason-org/mason-registry")
[WARN  Wed 13 Aug 2025 11:00:36 PM EDT] ...nvim/lazy/mason.nvim/lua/mason-registry/sources/init.lua:148: Ignoring duplicate registry entry "github:mason-org/mason-registry" (duplicate of "github:mason-org/mason-registry")
[WARN  Wed 13 Aug 2025 11:11:53 PM EDT] ...nvim/lazy/mason.nvim/lua/mason-registry/sources/init.lua:148: Ignoring duplicate registry entry "github:mason-org/mason-registry" (duplicate of "github:mason-org/mason-registry")
[WARN  Wed 13 Aug 2025 11:12:08 PM EDT] ...nvim/lazy/mason.nvim/lua/mason-registry/sources/init.lua:148: Ignoring duplicate registry entry "github:mason-org/mason-registry" (duplicate of "github:mason-org/mason-registry")
[WARN  Thu 14 Aug 2025 08:30:26 PM EDT] ...nvim/lazy/mason.nvim/lua/mason-registry/sources/init.lua:148: Ignoring duplicate registry entry "github:mason-org/mason-registry" (duplicate of "github:mason-org/mason-registry")
[WARN  Thu 14 Aug 2025 08:30:32 PM EDT] ...nvim/lazy/mason.nvim/lua/mason-registry/sources/init.lua:148: Ignoring duplicate registry entry "github:mason-org/mason-registry" (duplicate of "github:mason-org/mason-registry")
[WARN  Thu 14 Aug 2025 08:30:39 PM EDT] ...nvim/lazy/mason.nvim/lua/mason-registry/sources/init.lua:148: Ignoring duplicate registry entry "github:mason-org/mason-registry" (duplicate of "github:mason-org/mason-registry")
[WARN  Thu 14 Aug 2025 08:34:33 PM EDT] ...nvim/lazy/mason.nvim/lua/mason-registry/sources/init.lua:148: Ignoring duplicate registry entry "github:mason-org/mason-registry" (duplicate of "github:mason-org/mason-registry")
[WARN  Thu 14 Aug 2025 08:56:18 PM EDT] ...nvim/lazy/mason.nvim/lua/mason-registry/sources/init.lua:148: Ignoring duplicate registry entry "github:mason-org/mason-registry" (duplicate of "github:mason-org/mason-registry")
[WARN  Fri 15 Aug 2025 07:58:07 PM EDT] ...nvim/lazy/mason.nvim/lua/mason-registry/sources/init.lua:148: Ignoring duplicate registry entry "github:mason-org/mason-registry" (duplicate of "github:mason-org/mason-registry")
[WARN  Fri 15 Aug 2025 08:01:40 PM EDT] ...nvim/lazy/mason.nvim/lua/mason-registry/sources/init.lua:148: Ignoring duplicate registry entry "github:mason-org/mason-registry" (duplicate of "github:mason-org/mason-registry")
[WARN  Fri 15 Aug 2025 11:40:37 PM EDT] ...nvim/lazy/mason.nvim/lua/mason-registry/sources/init.lua:148: Ignoring duplicate registry entry "github:mason-org/mason-registry" (duplicate of "github:mason-org/mason-registry")
[WARN  Fri 15 Aug 2025 11:46:15 PM EDT] ...nvim/lazy/mason.nvim/lua/mason-registry/sources/init.lua:148: Ignoring duplicate registry entry "github:mason-org/mason-registry" (duplicate of "github:mason-org/mason-registry")
[WARN  Fri 15 Aug 2025 11:46:25 PM EDT] ...nvim/lazy/mason.nvim/lua/mason-registry/sources/init.lua:148: Ignoring duplicate registry entry "github:mason-org/mason-registry" (duplicate of "github:mason-org/mason-registry")
[WARN  Fri 15 Aug 2025 11:53:09 PM EDT] ...nvim/lazy/mason.nvim/lua/mason-registry/sources/init.lua:148: Ignoring duplicate registry entry "github:mason-org/mason-registry" (duplicate of "github:mason-org/mason-registry")
[WARN  Fri 15 Aug 2025 11:55:44 PM EDT] ...nvim/lazy/mason.nvim/lua/mason-registry/sources/init.lua:148: Ignoring duplicate registry entry "github:mason-org/mason-registry" (duplicate of "github:mason-org/mason-registry")
[WARN  Fri 15 Aug 2025 11:56:03 PM EDT] ...nvim/lazy/mason.nvim/lua/mason-registry/sources/init.lua:148: Ignoring duplicate registry entry "github:mason-org/mason-registry" (duplicate of "github:mason-org/mason-registry")
[WARN  Fri 15 Aug 2025 11:58:30 PM EDT] ...nvim/lazy/mason.nvim/lua/mason-registry/sources/init.lua:148: Ignoring duplicate registry entry "github:mason-org/mason-registry" (duplicate of "github:mason-org/mason-registry")
[WARN  Sat 16 Aug 2025 12:02:11 AM EDT] ...nvim/lazy/mason.nvim/lua/mason-registry/sources/init.lua:148: Ignoring duplicate registry entry "github:mason-org/mason-registry" (duplicate of "github:mason-org/mason-registry")
[WARN  Sat 16 Aug 2025 12:02:27 AM EDT] ...nvim/lazy/mason.nvim/lua/mason-registry/sources/init.lua:148: Ignoring duplicate registry entry "github:mason-org/mason-registry" (duplicate of "github:mason-org/mason-registry")
[WARN  Sat 16 Aug 2025 12:02:54 AM EDT] ...nvim/lazy/mason.nvim/lua/mason-registry/sources/init.lua:148: Ignoring duplicate registry entry "github:mason-org/mason-registry" (duplicate of "github:mason-org/mason-registry")
[WARN  Sat 16 Aug 2025 12:06:36 AM EDT] ...nvim/lazy/mason.nvim/lua/mason-registry/sources/init.lua:148: Ignoring duplicate registry entry "github:mason-org/mason-registry" (duplicate of "github:mason-org/mason-registry")
[WARN  Sat 16 Aug 2025 12:07:39 AM EDT] ...nvim/lazy/mason.nvim/lua/mason-registry/sources/init.lua:148: Ignoring duplicate registry entry "github:mason-org/mason-registry" (duplicate of "github:mason-org/mason-registry")
[WARN  Sat 16 Aug 2025 12:07:51 AM EDT] ...nvim/lazy/mason.nvim/lua/mason-registry/sources/init.lua:148: Ignoring duplicate registry entry "github:mason-org/mason-registry" (duplicate of "github:mason-org/mason-registry")
[WARN  Sat 16 Aug 2025 12:08:16 AM EDT] ...nvim/lazy/mason.nvim/lua/mason-registry/sources/init.lua:148: Ignoring duplicate registry entry "github:mason-org/mason-registry" (duplicate of "github:mason-org/mason-registry")
[WARN  Sat 16 Aug 2025 12:08:27 AM EDT] ...nvim/lazy/mason.nvim/lua/mason-registry/sources/init.lua:148: Ignoring duplicate registry entry "github:mason-org/mason-registry" (duplicate of "github:mason-org/mason-registry")
[WARN  Sat 16 Aug 2025 12:10:33 AM EDT] ...nvim/lazy/mason.nvim/lua/mason-registry/sources/init.lua:148: Ignoring duplicate registry entry "github:mason-org/mason-registry" (duplicate of "github:mason-org/mason-registry")
[WARN  Sat 16 Aug 2025 12:10:54 AM EDT] ...nvim/lazy/mason.nvim/lua/mason-registry/sources/init.lua:148: Ignoring duplicate registry entry "github:mason-org/mason-registry" (duplicate of "github:mason-org/mason-registry")
[WARN  Sat 16 Aug 2025 12:11:23 AM EDT] ...nvim/lazy/mason.nvim/lua/mason-registry/sources/init.lua:148: Ignoring duplicate registry entry "github:mason-org/mason-registry" (duplicate of "github:mason-org/mason-registry")
[WARN  Sat 16 Aug 2025 12:11:59 AM EDT] ...nvim/lazy/mason.nvim/lua/mason-registry/sources/init.lua:148: Ignoring duplicate registry entry "github:mason-org/mason-registry" (duplicate of "github:mason-org/mason-registry")
[WARN  Sat 16 Aug 2025 12:13:57 AM EDT] ...nvim/lazy/mason.nvim/lua/mason-registry/sources/init.lua:148: Ignoring duplicate registry entry "github:mason-org/mason-registry" (duplicate of "github:mason-org/mason-registry")
[WARN  Sat 16 Aug 2025 12:14:23 AM EDT] ...nvim/lazy/mason.nvim/lua/mason-registry/sources/init.lua:148: Ignoring duplicate registry entry "github:mason-org/mason-registry" (duplicate of "github:mason-org/mason-registry")
[WARN  Sat 16 Aug 2025 12:14:38 AM EDT] ...nvim/lazy/mason.nvim/lua/mason-registry/sources/init.lua:148: Ignoring duplicate registry entry "github:mason-org/mason-registry" (duplicate of "github:mason-org/mason-registry")
[WARN  Sat 16 Aug 2025 12:23:55 PM EDT] ...nvim/lazy/mason.nvim/lua/mason-registry/sources/init.lua:148: Ignoring duplicate registry entry "github:mason-org/mason-registry" (duplicate of "github:mason-org/mason-registry")
[WARN  Sat 16 Aug 2025 12:24:08 PM EDT] ...nvim/lazy/mason.nvim/lua/mason-registry/sources/init.lua:148: Ignoring duplicate registry entry "github:mason-org/mason-registry" (duplicate of "github:mason-org/mason-registry")
[WARN  Sat 16 Aug 2025 12:25:03 PM EDT] ...nvim/lazy/mason.nvim/lua/mason-registry/sources/init.lua:148: Ignoring duplicate registry entry "github:mason-org/mason-registry" (duplicate of "github:mason-org/mason-registry")
[WARN  Sat 16 Aug 2025 12:26:32 PM EDT] ...nvim/lazy/mason.nvim/lua/mason-registry/sources/init.lua:148: Ignoring duplicate registry entry "github:mason-org/mason-registry" (duplicate of "github:mason-org/mason-registry")
[WARN  Sat 16 Aug 2025 12:26:46 PM EDT] ...nvim/lazy/mason.nvim/lua/mason-registry/sources/init.lua:148: Ignoring duplicate registry entry "github:mason-org/mason-registry" (duplicate of "github:mason-org/mason-registry")
[WARN  Sat 16 Aug 2025 12:27:06 PM EDT] ...nvim/lazy/mason.nvim/lua/mason-registry/sources/init.lua:148: Ignoring duplicate registry entry "github:mason-org/mason-registry" (duplicate of "github:mason-org/mason-registry")
[WARN  Sat 16 Aug 2025 12:29:58 PM EDT] ...nvim/lazy/mason.nvim/lua/mason-registry/sources/init.lua:148: Ignoring duplicate registry entry "github:mason-org/mason-registry" (duplicate of "github:mason-org/mason-registry")
[WARN  Sat 16 Aug 2025 12:30:25 PM EDT] ...nvim/lazy/mason.nvim/lua/mason-registry/sources/init.lua:148: Ignoring duplicate registry entry "github:mason-org/mason-registry" (duplicate of "github:mason-org/mason-registry")
